mode: atomic
github.com/pantheon-systems/cos-update-operator/pkg/k8sutil/client.go:14.25,16.2 1 0
github.com/pantheon-systems/cos-update-operator/pkg/k8sutil/client.go:20.47,24.19 3 0
github.com/pantheon-systems/cos-update-operator/pkg/k8sutil/client.go:32.2,37.16 4 0
github.com/pantheon-systems/cos-update-operator/pkg/k8sutil/client.go:41.2,41.20 1 0
github.com/pantheon-systems/cos-update-operator/pkg/k8sutil/client.go:24.19,26.17 2 0
github.com/pantheon-systems/cos-update-operator/pkg/k8sutil/client.go:29.3,29.21 1 0
github.com/pantheon-systems/cos-update-operator/pkg/k8sutil/client.go:26.17,28.4 1 0
github.com/pantheon-systems/cos-update-operator/pkg/k8sutil/client.go:37.16,39.3 1 0
github.com/pantheon-systems/cos-update-operator/pkg/k8sutil/client.go:46.49,48.16 2 0
github.com/pantheon-systems/cos-update-operator/pkg/k8sutil/client.go:51.2,51.38 1 0
github.com/pantheon-systems/cos-update-operator/pkg/k8sutil/client.go:48.16,50.3 1 0
github.com/pantheon-systems/cos-update-operator/pkg/k8sutil/metadata.go:28.76,29.48 1 0
github.com/pantheon-systems/cos-update-operator/pkg/k8sutil/metadata.go:29.48,30.21 1 0
github.com/pantheon-systems/cos-update-operator/pkg/k8sutil/metadata.go:39.3,39.66 1 0
github.com/pantheon-systems/cos-update-operator/pkg/k8sutil/metadata.go:31.24,33.62 2 0
github.com/pantheon-systems/cos-update-operator/pkg/k8sutil/metadata.go:34.21,36.62 2 0
github.com/pantheon-systems/cos-update-operator/pkg/k8sutil/metadata.go:44.78,46.51 2 0
github.com/pantheon-systems/cos-update-operator/pkg/k8sutil/metadata.go:59.2,59.21 1 0
github.com/pantheon-systems/cos-update-operator/pkg/k8sutil/metadata.go:46.51,48.20 2 0
github.com/pantheon-systems/cos-update-operator/pkg/k8sutil/metadata.go:51.3,51.15 1 0
github.com/pantheon-systems/cos-update-operator/pkg/k8sutil/metadata.go:55.3,56.13 2 0
github.com/pantheon-systems/cos-update-operator/pkg/k8sutil/metadata.go:48.20,50.4 1 0
github.com/pantheon-systems/cos-update-operator/pkg/k8sutil/metadata.go:51.15,53.4 1 0
github.com/pantheon-systems/cos-update-operator/pkg/k8sutil/metadata.go:67.87,68.54 1 1
github.com/pantheon-systems/cos-update-operator/pkg/k8sutil/metadata.go:79.2,79.16 1 1
github.com/pantheon-systems/cos-update-operator/pkg/k8sutil/metadata.go:84.2,84.12 1 1
github.com/pantheon-systems/cos-update-operator/pkg/k8sutil/metadata.go:68.54,70.20 2 2
github.com/pantheon-systems/cos-update-operator/pkg/k8sutil/metadata.go:74.3,77.13 3 2
github.com/pantheon-systems/cos-update-operator/pkg/k8sutil/metadata.go:70.20,72.4 1 0
github.com/pantheon-systems/cos-update-operator/pkg/k8sutil/metadata.go:79.16,82.3 1 0
github.com/pantheon-systems/cos-update-operator/pkg/k8sutil/metadata.go:89.85,90.55 1 0
github.com/pantheon-systems/cos-update-operator/pkg/k8sutil/metadata.go:90.55,91.23 1 0
github.com/pantheon-systems/cos-update-operator/pkg/k8sutil/metadata.go:91.23,93.4 1 0
github.com/pantheon-systems/cos-update-operator/pkg/k8sutil/metadata.go:99.90,100.55 1 0
github.com/pantheon-systems/cos-update-operator/pkg/k8sutil/metadata.go:100.55,101.23 1 0
github.com/pantheon-systems/cos-update-operator/pkg/k8sutil/metadata.go:101.23,103.4 1 0
github.com/pantheon-systems/cos-update-operator/pkg/k8sutil/metadata.go:109.99,110.55 1 0
github.com/pantheon-systems/cos-update-operator/pkg/k8sutil/metadata.go:110.55,111.23 1 0
github.com/pantheon-systems/cos-update-operator/pkg/k8sutil/metadata.go:115.3,115.23 1 0
github.com/pantheon-systems/cos-update-operator/pkg/k8sutil/metadata.go:111.23,113.4 1 0
github.com/pantheon-systems/cos-update-operator/pkg/k8sutil/metadata.go:115.23,117.4 1 0
github.com/pantheon-systems/cos-update-operator/pkg/k8sutil/metadata.go:122.80,123.55 1 0
github.com/pantheon-systems/cos-update-operator/pkg/k8sutil/metadata.go:123.55,124.24 1 0
github.com/pantheon-systems/cos-update-operator/pkg/k8sutil/metadata.go:124.24,126.4 1 0
github.com/pantheon-systems/cos-update-operator/pkg/k8sutil/metadata.go:131.85,132.55 1 0
github.com/pantheon-systems/cos-update-operator/pkg/k8sutil/metadata.go:132.55,133.24 1 0
github.com/pantheon-systems/cos-update-operator/pkg/k8sutil/metadata.go:133.24,135.4 1 0
github.com/pantheon-systems/cos-update-operator/pkg/k8sutil/metadata.go:140.76,142.16 2 0
github.com/pantheon-systems/cos-update-operator/pkg/k8sutil/metadata.go:146.2,148.63 2 0
github.com/pantheon-systems/cos-update-operator/pkg/k8sutil/metadata.go:155.2,155.12 1 0
github.com/pantheon-systems/cos-update-operator/pkg/k8sutil/metadata.go:142.16,144.3 1 0
github.com/pantheon-systems/cos-update-operator/pkg/k8sutil/metadata.go:148.63,151.3 2 0
github.com/pantheon-systems/cos-update-operator/pkg/k8sutil/metadata.go:151.17,153.3 1 0
github.com/pantheon-systems/cos-update-operator/pkg/k8sutil/metadata.go:159.56,161.16 2 0
github.com/pantheon-systems/cos-update-operator/pkg/k8sutil/metadata.go:161.16,165.20 2 0
github.com/pantheon-systems/cos-update-operator/pkg/k8sutil/metadata.go:169.3,169.21 1 0
github.com/pantheon-systems/cos-update-operator/pkg/k8sutil/metadata.go:165.20,166.12 1 0
github.com/pantheon-systems/cos-update-operator/pkg/k8sutil/metadata.go:181.48,186.16 3 0
github.com/pantheon-systems/cos-update-operator/pkg/k8sutil/metadata.go:190.2,192.16 3 0
github.com/pantheon-systems/cos-update-operator/pkg/k8sutil/metadata.go:196.2,200.16 3 0
github.com/pantheon-systems/cos-update-operator/pkg/k8sutil/metadata.go:204.2,206.16 3 0
github.com/pantheon-systems/cos-update-operator/pkg/k8sutil/metadata.go:210.2,210.21 1 0
github.com/pantheon-systems/cos-update-operator/pkg/k8sutil/metadata.go:186.16,188.3 1 0
github.com/pantheon-systems/cos-update-operator/pkg/k8sutil/metadata.go:192.16,194.3 1 0
github.com/pantheon-systems/cos-update-operator/pkg/k8sutil/metadata.go:200.16,202.3 1 0
github.com/pantheon-systems/cos-update-operator/pkg/k8sutil/metadata.go:206.16,208.3 1 0
github.com/pantheon-systems/cos-update-operator/pkg/k8sutil/metadata.go:213.49,218.16 3 0
github.com/pantheon-systems/cos-update-operator/pkg/k8sutil/metadata.go:222.2,225.16 4 0
github.com/pantheon-systems/cos-update-operator/pkg/k8sutil/metadata.go:229.2,231.21 2 0
github.com/pantheon-systems/cos-update-operator/pkg/k8sutil/metadata.go:218.16,220.3 1 0
github.com/pantheon-systems/cos-update-operator/pkg/k8sutil/metadata.go:225.16,227.3 1 0
github.com/pantheon-systems/cos-update-operator/pkg/k8sutil/metadata.go:237.45,239.16 2 0
github.com/pantheon-systems/cos-update-operator/pkg/k8sutil/metadata.go:243.2,244.16 2 0
github.com/pantheon-systems/cos-update-operator/pkg/k8sutil/metadata.go:248.2,255.16 2 0
github.com/pantheon-systems/cos-update-operator/pkg/k8sutil/metadata.go:239.16,241.3 1 0
github.com/pantheon-systems/cos-update-operator/pkg/k8sutil/metadata.go:244.16,246.3 1 0
github.com/pantheon-systems/cos-update-operator/pkg/k8sutil/pods.go:7.87,8.25 1 0
github.com/pantheon-systems/cos-update-operator/pkg/k8sutil/pods.go:14.2,14.8 1 0
github.com/pantheon-systems/cos-update-operator/pkg/k8sutil/pods.go:8.25,9.17 1 0
github.com/pantheon-systems/cos-update-operator/pkg/k8sutil/pods.go:9.17,11.4 1 0
github.com/pantheon-systems/cos-update-operator/pkg/k8sutil/retry.go:63.67,65.63 2 1
github.com/pantheon-systems/cos-update-operator/pkg/k8sutil/retry.go:77.2,77.32 1 1
github.com/pantheon-systems/cos-update-operator/pkg/k8sutil/retry.go:80.2,80.12 1 1
github.com/pantheon-systems/cos-update-operator/pkg/k8sutil/retry.go:65.63,67.10 2 2
github.com/pantheon-systems/cos-update-operator/pkg/k8sutil/retry.go:68.19,69.20 1 1
github.com/pantheon-systems/cos-update-operator/pkg/k8sutil/retry.go:70.31,72.21 2 1
github.com/pantheon-systems/cos-update-operator/pkg/k8sutil/retry.go:73.11,74.21 1 0
github.com/pantheon-systems/cos-update-operator/pkg/k8sutil/retry.go:77.32,79.3 1 0
github.com/pantheon-systems/cos-update-operator/pkg/k8sutil/retry.go:84.64,86.63 2 0
github.com/pantheon-systems/cos-update-operator/pkg/k8sutil/retry.go:92.2,92.32 1 0
github.com/pantheon-systems/cos-update-operator/pkg/k8sutil/retry.go:95.2,95.12 1 0
github.com/pantheon-systems/cos-update-operator/pkg/k8sutil/retry.go:86.63,90.3 2 0
github.com/pantheon-systems/cos-update-operator/pkg/k8sutil/retry.go:92.32,94.3 1 0
github.com/pantheon-systems/cos-update-operator/pkg/k8sutil/selector.go:14.96,16.16 2 0
github.com/pantheon-systems/cos-update-operator/pkg/k8sutil/selector.go:19.2,19.12 1 0
github.com/pantheon-systems/cos-update-operator/pkg/k8sutil/selector.go:16.16,17.13 1 0
github.com/pantheon-systems/cos-update-operator/pkg/k8sutil/selector.go:24.83,27.25 2 0
github.com/pantheon-systems/cos-update-operator/pkg/k8sutil/selector.go:33.2,33.12 1 0
github.com/pantheon-systems/cos-update-operator/pkg/k8sutil/selector.go:27.25,28.45 1 0
github.com/pantheon-systems/cos-update-operator/pkg/k8sutil/selector.go:28.45,30.4 1 0
github.com/pantheon-systems/cos-update-operator/pkg/k8sutil/selector.go:38.89,41.29 2 0
github.com/pantheon-systems/cos-update-operator/pkg/k8sutil/selector.go:46.2,46.16 1 0
github.com/pantheon-systems/cos-update-operator/pkg/k8sutil/selector.go:41.29,42.43 1 0
github.com/pantheon-systems/cos-update-operator/pkg/k8sutil/selector.go:42.43,44.4 1 0
github.com/pantheon-systems/cos-update-operator/pkg/k8sutil/selector.go:51.65,54.29 2 0
github.com/pantheon-systems/cos-update-operator/pkg/k8sutil/selector.go:59.2,59.16 1 0
github.com/pantheon-systems/cos-update-operator/pkg/k8sutil/selector.go:54.29,55.73 1 0
github.com/pantheon-systems/cos-update-operator/pkg/k8sutil/selector.go:55.73,57.4 1 0
github.com/pantheon-systems/cos-update-operator/pkg/k8sutil/mocks/node_interface_mock.go:25.71,29.2 3 1
github.com/pantheon-systems/cos-update-operator/pkg/k8sutil/mocks/node_interface_mock.go:31.67,33.2 1 3
github.com/pantheon-systems/cos-update-operator/pkg/k8sutil/mocks/node_interface_mock.go:35.75,40.2 4 0
github.com/pantheon-systems/cos-update-operator/pkg/k8sutil/mocks/node_interface_mock.go:42.78,44.2 1 0
github.com/pantheon-systems/cos-update-operator/pkg/k8sutil/mocks/node_interface_mock.go:46.86,50.2 3 0
github.com/pantheon-systems/cos-update-operator/pkg/k8sutil/mocks/node_interface_mock.go:52.84,54.2 1 0
github.com/pantheon-systems/cos-update-operator/pkg/k8sutil/mocks/node_interface_mock.go:56.104,60.2 3 0
github.com/pantheon-systems/cos-update-operator/pkg/k8sutil/mocks/node_interface_mock.go:62.94,64.2 1 0
github.com/pantheon-systems/cos-update-operator/pkg/k8sutil/mocks/node_interface_mock.go:66.92,71.2 4 2
github.com/pantheon-systems/cos-update-operator/pkg/k8sutil/mocks/node_interface_mock.go:73.81,75.2 1 1
github.com/pantheon-systems/cos-update-operator/pkg/k8sutil/mocks/node_interface_mock.go:77.82,82.2 4 0
github.com/pantheon-systems/cos-update-operator/pkg/k8sutil/mocks/node_interface_mock.go:84.76,86.2 1 0
github.com/pantheon-systems/cos-update-operator/pkg/k8sutil/mocks/node_interface_mock.go:88.131,90.29 2 0
github.com/pantheon-systems/cos-update-operator/pkg/k8sutil/mocks/node_interface_mock.go:93.2,96.19 4 0
github.com/pantheon-systems/cos-update-operator/pkg/k8sutil/mocks/node_interface_mock.go:90.29,92.3 1 0
github.com/pantheon-systems/cos-update-operator/pkg/k8sutil/mocks/node_interface_mock.go:99.110,102.2 2 0
github.com/pantheon-systems/cos-update-operator/pkg/k8sutil/mocks/node_interface_mock.go:104.93,109.2 4 0
github.com/pantheon-systems/cos-update-operator/pkg/k8sutil/mocks/node_interface_mock.go:111.89,113.2 1 0
github.com/pantheon-systems/cos-update-operator/pkg/k8sutil/mocks/node_interface_mock.go:115.75,120.2 4 2
github.com/pantheon-systems/cos-update-operator/pkg/k8sutil/mocks/node_interface_mock.go:122.78,124.2 1 2
github.com/pantheon-systems/cos-update-operator/pkg/k8sutil/mocks/node_interface_mock.go:126.81,131.2 4 0
github.com/pantheon-systems/cos-update-operator/pkg/k8sutil/mocks/node_interface_mock.go:133.84,135.2 1 0
github.com/pantheon-systems/cos-update-operator/pkg/k8sutil/mocks/node_interface_mock.go:137.85,142.2 4 0
github.com/pantheon-systems/cos-update-operator/pkg/k8sutil/mocks/node_interface_mock.go:144.77,146.2 1 0
github.com/pantheon-systems/cos-update-operator/pkg/updateengine/client.go:46.29,51.16 4 0
github.com/pantheon-systems/cos-update-operator/pkg/updateengine/client.go:55.2,57.16 3 0
github.com/pantheon-systems/cos-update-operator/pkg/updateengine/client.go:62.2,63.16 2 0
github.com/pantheon-systems/cos-update-operator/pkg/updateengine/client.go:68.2,74.21 4 0
github.com/pantheon-systems/cos-update-operator/pkg/updateengine/client.go:78.2,81.15 3 0
github.com/pantheon-systems/cos-update-operator/pkg/updateengine/client.go:51.16,53.3 1 0
github.com/pantheon-systems/cos-update-operator/pkg/updateengine/client.go:57.16,60.3 2 0
github.com/pantheon-systems/cos-update-operator/pkg/updateengine/client.go:63.16,66.3 2 0
github.com/pantheon-systems/cos-update-operator/pkg/updateengine/client.go:74.21,76.3 1 0
github.com/pantheon-systems/cos-update-operator/pkg/updateengine/client.go:84.32,85.19 1 0
github.com/pantheon-systems/cos-update-operator/pkg/updateengine/client.go:88.2,88.12 1 0
github.com/pantheon-systems/cos-update-operator/pkg/updateengine/client.go:85.19,87.3 1 0
github.com/pantheon-systems/cos-update-operator/pkg/updateengine/client.go:95.74,101.6 3 0
github.com/pantheon-systems/cos-update-operator/pkg/updateengine/client.go:101.6,102.10 1 0
github.com/pantheon-systems/cos-update-operator/pkg/updateengine/client.go:103.15,104.10 1 0
github.com/pantheon-systems/cos-update-operator/pkg/updateengine/client.go:105.25,106.34 1 0
github.com/pantheon-systems/cos-update-operator/pkg/updateengine/client.go:111.77,112.6 1 1
github.com/pantheon-systems/cos-update-operator/pkg/updateengine/client.go:112.6,113.10 1 3
github.com/pantheon-systems/cos-update-operator/pkg/updateengine/client.go:114.15,115.10 1 1
github.com/pantheon-systems/cos-update-operator/pkg/updateengine/client.go:116.25,118.59 2 2
github.com/pantheon-systems/cos-update-operator/pkg/updateengine/client.go:118.59,120.5 1 1
github.com/pantheon-systems/cos-update-operator/pkg/updateengine/client.go:126.46,128.21 2 0
github.com/pantheon-systems/cos-update-operator/pkg/updateengine/client.go:131.2,131.34 1 0
github.com/pantheon-systems/cos-update-operator/pkg/updateengine/client.go:128.21,130.3 1 0
github.com/pantheon-systems/cos-update-operator/pkg/updateengine/client.go:136.40,139.2 2 0
github.com/pantheon-systems/cos-update-operator/pkg/updateengine/status.go:44.47,52.2 6 2
github.com/pantheon-systems/cos-update-operator/pkg/updateengine/status.go:54.34,62.2 1 0
